<?xml version="1.0" encoding="utf-8" standalone="no"?>
<test-results xmlns:xsi="http://www.w3.org/2001/XMLSchema-instance" xsi:noNamespaceSchemaLocation="nunit_schema_2.5.xsd" name="Pester" total="1" errors="0" failures="1" not-run="0" inconclusive="0" ignored="0" skipped="0" invalid="0" date="2022-03-15" time="10:35:55">
  <environment nunit-version="2.5.8.0" platform="Microsoft Windows 11 Enterprise|C:\WINDOWS|\Device\Harddisk0\Partition2" clr-version="Unknown" cwd="C:\git\Presentations\2022\Breaking the ice with Pester" user-domain="AzureAD" user="AdamCook" os-version="10.0.22000" machine-name="ADAM-X570" />
  <culture-info current-culture="en-GB" current-uiculture="en-GB" />
  <test-suite type="TestFixture" name="Pester" executed="True" result="Failure" success="False" time="0.2748" asserts="0" description="Pester">
    <results>
      <test-suite type="TestFixture" name="C:\git\Presentations\2022\Breaking the ice with Pester\example.Tests.ps1" executed="True" result="Failure" success="False" time="0.2748" asserts="0" description="C:\git\Presentations\2022\Breaking the ice with Pester\example.Tests.ps1">
        <results>
          <test-suite type="TestFixture" name="My computer" executed="True" result="Failure" success="False" time="0.2387" asserts="0" description="My computer">
            <results>
              <test-case description="OS version should be 10.0.22000" name="My computer.OS version should be 10.0.22000" time="0.2351" asserts="0" success="False" result="Failure" executed="True">
                <failure>
                  <message>Expected strings to be the same, but they were different.
Expected length: 11
Actual length:   10
Strings differ at index 10.
Expected: '10.0.220001'
But was:  '10.0.22000'
           ----------^</message>
                  <stack-trace>at (Get-CimInstance "Win32_OperatingSystem").Version | Should -Be "10.0.220001", C:\git\Presentations\2022\Breaking the ice with Pester\example.Tests.ps1:3
at &lt;ScriptBlock&gt;, C:\git\Presentations\2022\Breaking the ice with Pester\example.Tests.ps1:3</stack-trace>
                </failure>
              </test-case>
            </results>
          </test-suite>
        </results>
      </test-suite>
    </results>
  </test-suite>
</test-results>